1498326289597	geckodriver	INFO	Listening on 127.0.0.1:61229
1498326290825	geckodriver::marionette	INFO	Starting browser /Applications/Firefox.app/Contents/MacOS/firefox-bin with args ["-marionette"]
1498326298192	Marionette	INFO	Listening on port 61242
1498326298346	Marionette	WARN	TLS certificate errors will be ignored for this session
1498326298898	Marionette	DEBUG	loaded listener.js
1498326298977	Marionette	DEBUG	Received DOM event "beforeunload" for "about:blank"
2017-06-24 10:44:59.212 plugin-container[21413:1236509] *** CFMessagePort: bootstrap_register(): failed 1100 (0x44c) 'Permission denied', port = 0x903f, name = 'com.apple.tsm.portname'
See /usr/include/servers/bootstrap_defs.h for the error codes.
2017-06-24 10:44:59.214 plugin-container[21413:1236509] *** CFMessagePort: bootstrap_register(): failed 1100 (0x44c) 'Permission denied', port = 0x9503, name = 'com.apple.CFPasteboardClient'
See /usr/include/servers/bootstrap_defs.h for the error codes.
1498326299839	Marionette	DEBUG	Received DOM event "pagehide" for "about:blank"
1498326299839	Marionette	DEBUG	Received DOM event "unload" for "about:blank"
1498326302599	Marionette	DEBUG	Received DOM event "DOMContentLoaded" for "https://www.ncbi.nlm.nih.gov/pubmed/?term=%22PLOS+Genetics%22"
1498326303724	Marionette	DEBUG	Received DOM event "pageshow" for "https://www.ncbi.nlm.nih.gov/pubmed/?term=%22PLOS+Genetics%22"
1498326303970	Marionette	DEBUG	Received DOM event "beforeunload" for "https://www.ncbi.nlm.nih.gov/pubmed/?term=%22PLOS+Genetics%22"
1498326304507	Marionette	DEBUG	Received DOM event "pagehide" for "https://www.ncbi.nlm.nih.gov/pubmed/?term=%22PLOS+Genetics%22"
1498326304507	Marionette	DEBUG	Received DOM event "unload" for "https://www.ncbi.nlm.nih.gov/pubmed/?term=%22PLOS+Genetics%22"
JavaScript warning: https://static.pubmed.gov/portal/portal3rc.fcgi/4161368/js/3812534/4087685/3812535/4155155/3990644/4123007/4010399/4110099/4080513/3990642/4069329/4155348/4076482/2486879/2600938/3758627/20927/3908752/3423/4018706/4010028/4011871/4015648/4159983/3920825/3989002/4120364/4001808.js, line 4751: unreachable code after return statement
1498326306087	Marionette	DEBUG	Received DOM event "DOMContentLoaded" for "https://www.ncbi.nlm.nih.gov/pubmed/28644898"
1498326306152	Marionette	DEBUG	Received DOM event "pageshow" for "https://www.ncbi.nlm.nih.gov/pubmed/28644898"
*************************
A coding exception was thrown and uncaught in a Task.

Full message: TypeError: NetworkError when attempting to fetch resource.
Full stack: 
*************************
*************************
A coding exception was thrown and uncaught in a Task.

Full message: TypeError: NetworkError when attempting to fetch resource.
Full stack: 
*************************
*************************
A coding exception was thrown and uncaught in a Task.

Full message: TypeError: NetworkError when attempting to fetch resource.
Full stack: 
*************************
*************************
A coding exception was thrown and uncaught in a Task.

Full message: TypeError: NetworkError when attempting to fetch resource.
Full stack: 
*************************
1498621115916	Marionette	INFO	Ceased listening
